<?xml version="1.0" encoding="UTF-8"?>
<!-- Generated by org.testng.reporters.JUnitReportReporter -->
<testsuite hostname="DESKTOP-KPIK9MQ" failures="0" tests="2" name="MyTestCases" time="0.339" errors="0" timestamp="2024-06-10T16:40:41 EET" skipped="0">
  <testcase classname="MyTestCases" name="loginTest" time="0.162"/>
  <system-out/>
  <testcase classname="MyTestCases" name="addItemsIfPricGraterThanFifteen" time="0.177"/>
  <system-out/>
</testsuite> <!-- MyTestCases -->
